[INFO  - 2015-12-15T06:47:01.453Z] GhostDriver - Main - running on port 8643
[INFO  - 2015-12-15T06:47:02.569Z] Session [a5b7dbe0-a2f7-11e5-9651-611b9c1219ca] - page.settings - {"XSSAuditingEnabled":false,"javascriptCanCloseWindows":true,"javascriptCanOpenWindows":true,"javascriptEnabled":true,"loadImages":true,"localToRemoteUrlAccessEnabled":false,"userAgent":"Mozilla/5.0 (Macintosh; Intel Mac OS X) AppleWebKit/538.1 (KHTML, like Gecko) PhantomJS/2.0.0 Safari/538.1","webSecurityEnabled":true}
[INFO  - 2015-12-15T06:47:02.569Z] Session [a5b7dbe0-a2f7-11e5-9651-611b9c1219ca] - page.customHeaders:  - {}
[INFO  - 2015-12-15T06:47:02.569Z] Session [a5b7dbe0-a2f7-11e5-9651-611b9c1219ca] - Session.negotiatedCapabilities - {"browserName":"phantomjs","version":"2.0.0","driverName":"ghostdriver","driverVersion":"1.2.0","platform":"mac-10.9 (Mavericks)-64bit","javascriptEnabled":true,"takesScreenshot":true,"handlesAlerts":false,"databaseEnabled":false,"locationContextEnabled":false,"applicationCacheEnabled":false,"browserConnectionEnabled":false,"cssSelectorsEnabled":true,"webStorageEnabled":false,"rotatable":false,"acceptSslCerts":false,"nativeEvents":true,"proxy":{"proxyType":"direct"}}
[INFO  - 2015-12-15T06:47:02.569Z] SessionManagerReqHand - _postNewSessionCommand - New Session Created: a5b7dbe0-a2f7-11e5-9651-611b9c1219ca
[INFO  - 2015-12-24T11:47:27.391Z] GhostDriver - Main - running on port 8643
[INFO  - 2015-12-24T11:47:28.864Z] Session [1bf2b3a0-aa34-11e5-9d95-ed471515085a] - page.settings - {"XSSAuditingEnabled":false,"javascriptCanCloseWindows":true,"javascriptCanOpenWindows":true,"javascriptEnabled":true,"loadImages":true,"localToRemoteUrlAccessEnabled":false,"userAgent":"Mozilla/5.0 (Macintosh; Intel Mac OS X) AppleWebKit/538.1 (KHTML, like Gecko) PhantomJS/2.0.0 Safari/538.1","webSecurityEnabled":true}
[INFO  - 2015-12-24T11:47:28.865Z] Session [1bf2b3a0-aa34-11e5-9d95-ed471515085a] - page.customHeaders:  - {}
[INFO  - 2015-12-24T11:47:28.865Z] Session [1bf2b3a0-aa34-11e5-9d95-ed471515085a] - Session.negotiatedCapabilities - {"browserName":"phantomjs","version":"2.0.0","driverName":"ghostdriver","driverVersion":"1.2.0","platform":"mac-10.9 (Mavericks)-64bit","javascriptEnabled":true,"takesScreenshot":true,"handlesAlerts":false,"databaseEnabled":false,"locationContextEnabled":false,"applicationCacheEnabled":false,"browserConnectionEnabled":false,"cssSelectorsEnabled":true,"webStorageEnabled":false,"rotatable":false,"acceptSslCerts":false,"nativeEvents":true,"proxy":{"proxyType":"direct"}}
[INFO  - 2015-12-24T11:47:28.865Z] SessionManagerReqHand - _postNewSessionCommand - New Session Created: 1bf2b3a0-aa34-11e5-9d95-ed471515085a
[INFO  - 2015-12-26T01:48:38.712Z] GhostDriver - Main - running on port 8643
[INFO  - 2015-12-26T01:48:40.044Z] Session [c9877f70-ab72-11e5-90ee-75671350945b] - page.settings - {"XSSAuditingEnabled":false,"javascriptCanCloseWindows":true,"javascriptCanOpenWindows":true,"javascriptEnabled":true,"loadImages":true,"localToRemoteUrlAccessEnabled":false,"userAgent":"Mozilla/5.0 (Macintosh; Intel Mac OS X) AppleWebKit/538.1 (KHTML, like Gecko) PhantomJS/2.0.0 Safari/538.1","webSecurityEnabled":true}
[INFO  - 2015-12-26T01:48:40.044Z] Session [c9877f70-ab72-11e5-90ee-75671350945b] - page.customHeaders:  - {}
[INFO  - 2015-12-26T01:48:40.044Z] Session [c9877f70-ab72-11e5-90ee-75671350945b] - Session.negotiatedCapabilities - {"browserName":"phantomjs","version":"2.0.0","driverName":"ghostdriver","driverVersion":"1.2.0","platform":"mac-10.9 (Mavericks)-64bit","javascriptEnabled":true,"takesScreenshot":true,"handlesAlerts":false,"databaseEnabled":false,"locationContextEnabled":false,"applicationCacheEnabled":false,"browserConnectionEnabled":false,"cssSelectorsEnabled":true,"webStorageEnabled":false,"rotatable":false,"acceptSslCerts":false,"nativeEvents":true,"proxy":{"proxyType":"direct"}}
[INFO  - 2015-12-26T01:48:40.044Z] SessionManagerReqHand - _postNewSessionCommand - New Session Created: c9877f70-ab72-11e5-90ee-75671350945b
[INFO  - 2015-12-26T01:49:31.469Z] GhostDriver - Main - running on port 8643
[INFO  - 2015-12-26T01:49:32.377Z] Session [e8b8ba30-ab72-11e5-a879-7d292a7c9e17] - page.settings - {"XSSAuditingEnabled":false,"javascriptCanCloseWindows":true,"javascriptCanOpenWindows":true,"javascriptEnabled":true,"loadImages":true,"localToRemoteUrlAccessEnabled":false,"userAgent":"Mozilla/5.0 (Macintosh; Intel Mac OS X) AppleWebKit/538.1 (KHTML, like Gecko) PhantomJS/2.0.0 Safari/538.1","webSecurityEnabled":true}
[INFO  - 2015-12-26T01:49:32.377Z] Session [e8b8ba30-ab72-11e5-a879-7d292a7c9e17] - page.customHeaders:  - {}
[INFO  - 2015-12-26T01:49:32.377Z] Session [e8b8ba30-ab72-11e5-a879-7d292a7c9e17] - Session.negotiatedCapabilities - {"browserName":"phantomjs","version":"2.0.0","driverName":"ghostdriver","driverVersion":"1.2.0","platform":"mac-10.9 (Mavericks)-64bit","javascriptEnabled":true,"takesScreenshot":true,"handlesAlerts":false,"databaseEnabled":false,"locationContextEnabled":false,"applicationCacheEnabled":false,"browserConnectionEnabled":false,"cssSelectorsEnabled":true,"webStorageEnabled":false,"rotatable":false,"acceptSslCerts":false,"nativeEvents":true,"proxy":{"proxyType":"direct"}}
[INFO  - 2015-12-26T01:49:32.377Z] SessionManagerReqHand - _postNewSessionCommand - New Session Created: e8b8ba30-ab72-11e5-a879-7d292a7c9e17
[INFO  - 2015-12-26T02:29:41.858Z] GhostDriver - Main - running on port 8643
[INFO  - 2015-12-26T02:29:42.893Z] Session [85806e80-ab78-11e5-85b8-bb353dcbfcdd] - page.settings - {"XSSAuditingEnabled":false,"javascriptCanCloseWindows":true,"javascriptCanOpenWindows":true,"javascriptEnabled":true,"loadImages":true,"localToRemoteUrlAccessEnabled":false,"userAgent":"Mozilla/5.0 (Macintosh; Intel Mac OS X) AppleWebKit/538.1 (KHTML, like Gecko) PhantomJS/2.0.0 Safari/538.1","webSecurityEnabled":true}
[INFO  - 2015-12-26T02:29:42.893Z] Session [85806e80-ab78-11e5-85b8-bb353dcbfcdd] - page.customHeaders:  - {}
[INFO  - 2015-12-26T02:29:42.893Z] Session [85806e80-ab78-11e5-85b8-bb353dcbfcdd] - Session.negotiatedCapabilities - {"browserName":"phantomjs","version":"2.0.0","driverName":"ghostdriver","driverVersion":"1.2.0","platform":"mac-10.9 (Mavericks)-64bit","javascriptEnabled":true,"takesScreenshot":true,"handlesAlerts":false,"databaseEnabled":false,"locationContextEnabled":false,"applicationCacheEnabled":false,"browserConnectionEnabled":false,"cssSelectorsEnabled":true,"webStorageEnabled":false,"rotatable":false,"acceptSslCerts":false,"nativeEvents":true,"proxy":{"proxyType":"direct"}}
[INFO  - 2015-12-26T02:29:42.893Z] SessionManagerReqHand - _postNewSessionCommand - New Session Created: 85806e80-ab78-11e5-85b8-bb353dcbfcdd
[INFO  - 2015-12-26T02:30:19.565Z] GhostDriver - Main - running on port 8643
[INFO  - 2015-12-26T02:30:20.640Z] Session [9c0051c0-ab78-11e5-b8af-3345ece9ef41] - page.settings - {"XSSAuditingEnabled":false,"javascriptCanCloseWindows":true,"javascriptCanOpenWindows":true,"javascriptEnabled":true,"loadImages":true,"localToRemoteUrlAccessEnabled":false,"userAgent":"Mozilla/5.0 (Macintosh; Intel Mac OS X) AppleWebKit/538.1 (KHTML, like Gecko) PhantomJS/2.0.0 Safari/538.1","webSecurityEnabled":true}
[INFO  - 2015-12-26T02:30:20.640Z] Session [9c0051c0-ab78-11e5-b8af-3345ece9ef41] - page.customHeaders:  - {}
[INFO  - 2015-12-26T02:30:20.640Z] Session [9c0051c0-ab78-11e5-b8af-3345ece9ef41] - Session.negotiatedCapabilities - {"browserName":"phantomjs","version":"2.0.0","driverName":"ghostdriver","driverVersion":"1.2.0","platform":"mac-10.9 (Mavericks)-64bit","javascriptEnabled":true,"takesScreenshot":true,"handlesAlerts":false,"databaseEnabled":false,"locationContextEnabled":false,"applicationCacheEnabled":false,"browserConnectionEnabled":false,"cssSelectorsEnabled":true,"webStorageEnabled":false,"rotatable":false,"acceptSslCerts":false,"nativeEvents":true,"proxy":{"proxyType":"direct"}}
[INFO  - 2015-12-26T02:30:20.641Z] SessionManagerReqHand - _postNewSessionCommand - New Session Created: 9c0051c0-ab78-11e5-b8af-3345ece9ef41
[INFO  - 2015-12-26T02:31:58.768Z] GhostDriver - Main - running on port 8643
[INFO  - 2015-12-26T02:32:00.227Z] Session [d75bc8d0-ab78-11e5-98d4-1b73ec7cbe66] - page.settings - {"XSSAuditingEnabled":false,"javascriptCanCloseWindows":true,"javascriptCanOpenWindows":true,"javascriptEnabled":true,"loadImages":true,"localToRemoteUrlAccessEnabled":false,"userAgent":"Mozilla/5.0 (Macintosh; Intel Mac OS X) AppleWebKit/538.1 (KHTML, like Gecko) PhantomJS/2.0.0 Safari/538.1","webSecurityEnabled":true}
[INFO  - 2015-12-26T02:32:00.227Z] Session [d75bc8d0-ab78-11e5-98d4-1b73ec7cbe66] - page.customHeaders:  - {}
[INFO  - 2015-12-26T02:32:00.227Z] Session [d75bc8d0-ab78-11e5-98d4-1b73ec7cbe66] - Session.negotiatedCapabilities - {"browserName":"phantomjs","version":"2.0.0","driverName":"ghostdriver","driverVersion":"1.2.0","platform":"mac-10.9 (Mavericks)-64bit","javascriptEnabled":true,"takesScreenshot":true,"handlesAlerts":false,"databaseEnabled":false,"locationContextEnabled":false,"applicationCacheEnabled":false,"browserConnectionEnabled":false,"cssSelectorsEnabled":true,"webStorageEnabled":false,"rotatable":false,"acceptSslCerts":false,"nativeEvents":true,"proxy":{"proxyType":"direct"}}
[INFO  - 2015-12-26T02:32:00.227Z] SessionManagerReqHand - _postNewSessionCommand - New Session Created: d75bc8d0-ab78-11e5-98d4-1b73ec7cbe66
[ERROR - 2015-12-29T03:38:15.662Z] GhostDriver - main.fail - {"line":85,"sourceURL":":/ghostdriver/main.js","stack":"\tat global code (:/ghostdriver/main.js:85:56)"}

  :262 in error
<<<<<<< HEAD
[INFO  - 2016-02-21T05:09:37.164Z] GhostDriver - Main - running on port 8643
[INFO  - 2016-02-21T05:09:38.744Z] Session [4e9e6300-d859-11e5-bae7-13f9c8c2b978] - page.settings - {"XSSAuditingEnabled":false,"javascriptCanCloseWindows":true,"javascriptCanOpenWindows":true,"javascriptEnabled":true,"loadImages":true,"localToRemoteUrlAccessEnabled":false,"userAgent":"Mozilla/5.0 (Macintosh; Intel Mac OS X) AppleWebKit/538.1 (KHTML, like Gecko) PhantomJS/2.0.0 Safari/538.1","webSecurityEnabled":true}
[INFO  - 2016-02-21T05:09:38.744Z] Session [4e9e6300-d859-11e5-bae7-13f9c8c2b978] - page.customHeaders:  - {}
[INFO  - 2016-02-21T05:09:38.744Z] Session [4e9e6300-d859-11e5-bae7-13f9c8c2b978] - Session.negotiatedCapabilities - {"browserName":"phantomjs","version":"2.0.0","driverName":"ghostdriver","driverVersion":"1.2.0","platform":"mac-10.9 (Mavericks)-64bit","javascriptEnabled":true,"takesScreenshot":true,"handlesAlerts":false,"databaseEnabled":false,"locationContextEnabled":false,"applicationCacheEnabled":false,"browserConnectionEnabled":false,"cssSelectorsEnabled":true,"webStorageEnabled":false,"rotatable":false,"acceptSslCerts":false,"nativeEvents":true,"proxy":{"proxyType":"direct"}}
[INFO  - 2016-02-21T05:09:38.744Z] SessionManagerReqHand - _postNewSessionCommand - New Session Created: 4e9e6300-d859-11e5-bae7-13f9c8c2b978
[INFO  - 2016-02-21T05:52:21.222Z] GhostDriver - Main - running on port 8643
[INFO  - 2016-02-21T05:52:22.390Z] Session [46ac0700-d85f-11e5-8d06-cfab9d8acd7f] - page.settings - {"XSSAuditingEnabled":false,"javascriptCanCloseWindows":true,"javascriptCanOpenWindows":true,"javascriptEnabled":true,"loadImages":true,"localToRemoteUrlAccessEnabled":false,"userAgent":"Mozilla/5.0 (Macintosh; Intel Mac OS X) AppleWebKit/538.1 (KHTML, like Gecko) PhantomJS/2.0.0 Safari/538.1","webSecurityEnabled":true}
[INFO  - 2016-02-21T05:52:22.390Z] Session [46ac0700-d85f-11e5-8d06-cfab9d8acd7f] - page.customHeaders:  - {}
[INFO  - 2016-02-21T05:52:22.390Z] Session [46ac0700-d85f-11e5-8d06-cfab9d8acd7f] - Session.negotiatedCapabilities - {"browserName":"phantomjs","version":"2.0.0","driverName":"ghostdriver","driverVersion":"1.2.0","platform":"mac-10.9 (Mavericks)-64bit","javascriptEnabled":true,"takesScreenshot":true,"handlesAlerts":false,"databaseEnabled":false,"locationContextEnabled":false,"applicationCacheEnabled":false,"browserConnectionEnabled":false,"cssSelectorsEnabled":true,"webStorageEnabled":false,"rotatable":false,"acceptSslCerts":false,"nativeEvents":true,"proxy":{"proxyType":"direct"}}
[INFO  - 2016-02-21T05:52:22.390Z] SessionManagerReqHand - _postNewSessionCommand - New Session Created: 46ac0700-d85f-11e5-8d06-cfab9d8acd7f
=======
[INFO  - 2016-02-21T02:41:41.960Z] GhostDriver - Main - running on port 8643
[ERROR - 2016-02-21T02:54:23.263Z] GhostDriver - main.fail - {"line":85,"sourceURL":":/ghostdriver/main.js","stack":"\tat global code (:/ghostdriver/main.js:85:56)"}

  :262 in error
>>>>>>> c21dd71abc0f3e4733b8a6fc3fa5123693648f36
[ERROR - 2016-02-23T11:00:43.815Z] GhostDriver - main.fail - {"line":85,"sourceURL":":/ghostdriver/main.js","stack":"\tat global code (:/ghostdriver/main.js:85:56)"}

  :262 in error
[ERROR - 2016-02-23T11:01:23.241Z] GhostDriver - main.fail - {"line":85,"sourceURL":":/ghostdriver/main.js","stack":"\tat global code (:/ghostdriver/main.js:85:56)"}

  :262 in error
[INFO  - 2016-02-23T11:39:27.628Z] GhostDriver - Main - running on port 8643
[INFO  - 2016-02-23T11:40:39.965Z] GhostDriver - Main - running on port 8643
[INFO  - 2016-02-23T11:41:58.484Z] GhostDriver - Main - running on port 8643
[INFO  - 2016-02-23T11:41:59.780Z] Session [72ff5ef0-da22-11e5-9352-f7acee949161] - page.settings - {"XSSAuditingEnabled":false,"javascriptCanCloseWindows":true,"javascriptCanOpenWindows":true,"javascriptEnabled":true,"loadImages":true,"localToRemoteUrlAccessEnabled":false,"userAgent":"Mozilla/5.0 (Macintosh; Intel Mac OS X) AppleWebKit/538.1 (KHTML, like Gecko) PhantomJS/2.0.0 Safari/538.1","webSecurityEnabled":true}
[INFO  - 2016-02-23T11:41:59.780Z] Session [72ff5ef0-da22-11e5-9352-f7acee949161] - page.customHeaders:  - {}
[INFO  - 2016-02-23T11:41:59.780Z] Session [72ff5ef0-da22-11e5-9352-f7acee949161] - Session.negotiatedCapabilities - {"browserName":"phantomjs","version":"2.0.0","driverName":"ghostdriver","driverVersion":"1.2.0","platform":"mac-10.9 (Mavericks)-64bit","javascriptEnabled":true,"takesScreenshot":true,"handlesAlerts":false,"databaseEnabled":false,"locationContextEnabled":false,"applicationCacheEnabled":false,"browserConnectionEnabled":false,"cssSelectorsEnabled":true,"webStorageEnabled":false,"rotatable":false,"acceptSslCerts":false,"nativeEvents":true,"proxy":{"proxyType":"direct"}}
[INFO  - 2016-02-23T11:41:59.780Z] SessionManagerReqHand - _postNewSessionCommand - New Session Created: 72ff5ef0-da22-11e5-9352-f7acee949161
[INFO  - 2016-02-23T11:44:42.691Z] GhostDriver - Main - running on port 8643
[INFO  - 2016-02-23T12:36:55.687Z] GhostDriver - Main - running on port 8643
[INFO  - 2016-02-23T12:36:56.973Z] Session [20471880-da2a-11e5-9bf2-139addaa72a9] - page.settings - {"XSSAuditingEnabled":false,"javascriptCanCloseWindows":true,"javascriptCanOpenWindows":true,"javascriptEnabled":true,"loadImages":true,"localToRemoteUrlAccessEnabled":false,"userAgent":"Mozilla/5.0 (Macintosh; Intel Mac OS X) AppleWebKit/538.1 (KHTML, like Gecko) PhantomJS/2.0.0 Safari/538.1","webSecurityEnabled":true}
[INFO  - 2016-02-23T12:36:56.973Z] Session [20471880-da2a-11e5-9bf2-139addaa72a9] - page.customHeaders:  - {}
[INFO  - 2016-02-23T12:36:56.973Z] Session [20471880-da2a-11e5-9bf2-139addaa72a9] - Session.negotiatedCapabilities - {"browserName":"phantomjs","version":"2.0.0","driverName":"ghostdriver","driverVersion":"1.2.0","platform":"mac-10.9 (Mavericks)-64bit","javascriptEnabled":true,"takesScreenshot":true,"handlesAlerts":false,"databaseEnabled":false,"locationContextEnabled":false,"applicationCacheEnabled":false,"browserConnectionEnabled":false,"cssSelectorsEnabled":true,"webStorageEnabled":false,"rotatable":false,"acceptSslCerts":false,"nativeEvents":true,"proxy":{"proxyType":"direct"}}
[INFO  - 2016-02-23T12:36:56.973Z] SessionManagerReqHand - _postNewSessionCommand - New Session Created: 20471880-da2a-11e5-9bf2-139addaa72a9
[INFO  - 2016-02-23T12:45:58.275Z] GhostDriver - Main - running on port 8643
[INFO  - 2016-02-23T12:45:59.542Z] Session [63ac6700-da2b-11e5-8a7d-039a73ead8e0] - page.settings - {"XSSAuditingEnabled":false,"javascriptCanCloseWindows":true,"javascriptCanOpenWindows":true,"javascriptEnabled":true,"loadImages":true,"localToRemoteUrlAccessEnabled":false,"userAgent":"Mozilla/5.0 (Macintosh; Intel Mac OS X) AppleWebKit/538.1 (KHTML, like Gecko) PhantomJS/2.0.0 Safari/538.1","webSecurityEnabled":true}
[INFO  - 2016-02-23T12:45:59.542Z] Session [63ac6700-da2b-11e5-8a7d-039a73ead8e0] - page.customHeaders:  - {}
[INFO  - 2016-02-23T12:45:59.542Z] Session [63ac6700-da2b-11e5-8a7d-039a73ead8e0] - Session.negotiatedCapabilities - {"browserName":"phantomjs","version":"2.0.0","driverName":"ghostdriver","driverVersion":"1.2.0","platform":"mac-10.9 (Mavericks)-64bit","javascriptEnabled":true,"takesScreenshot":true,"handlesAlerts":false,"databaseEnabled":false,"locationContextEnabled":false,"applicationCacheEnabled":false,"browserConnectionEnabled":false,"cssSelectorsEnabled":true,"webStorageEnabled":false,"rotatable":false,"acceptSslCerts":false,"nativeEvents":true,"proxy":{"proxyType":"direct"}}
[INFO  - 2016-02-23T12:45:59.542Z] SessionManagerReqHand - _postNewSessionCommand - New Session Created: 63ac6700-da2b-11e5-8a7d-039a73ead8e0
[INFO  - 2016-02-23T12:55:13.209Z] GhostDriver - Main - running on port 8643
[INFO  - 2016-02-23T12:55:14.496Z] Session [ae73d0b0-da2c-11e5-b8b8-8d02c50251c3] - page.settings - {"XSSAuditingEnabled":false,"javascriptCanCloseWindows":true,"javascriptCanOpenWindows":true,"javascriptEnabled":true,"loadImages":true,"localToRemoteUrlAccessEnabled":false,"userAgent":"Mozilla/5.0 (Macintosh; Intel Mac OS X) AppleWebKit/538.1 (KHTML, like Gecko) PhantomJS/2.0.0 Safari/538.1","webSecurityEnabled":true}
[INFO  - 2016-02-23T12:55:14.496Z] Session [ae73d0b0-da2c-11e5-b8b8-8d02c50251c3] - page.customHeaders:  - {}
[INFO  - 2016-02-23T12:55:14.496Z] Session [ae73d0b0-da2c-11e5-b8b8-8d02c50251c3] - Session.negotiatedCapabilities - {"browserName":"phantomjs","version":"2.0.0","driverName":"ghostdriver","driverVersion":"1.2.0","platform":"mac-10.9 (Mavericks)-64bit","javascriptEnabled":true,"takesScreenshot":true,"handlesAlerts":false,"databaseEnabled":false,"locationContextEnabled":false,"applicationCacheEnabled":false,"browserConnectionEnabled":false,"cssSelectorsEnabled":true,"webStorageEnabled":false,"rotatable":false,"acceptSslCerts":false,"nativeEvents":true,"proxy":{"proxyType":"direct"}}
[INFO  - 2016-02-23T12:55:14.496Z] SessionManagerReqHand - _postNewSessionCommand - New Session Created: ae73d0b0-da2c-11e5-b8b8-8d02c50251c3
[INFO  - 2016-02-23T12:56:33.985Z] GhostDriver - Main - running on port 8643
[INFO  - 2016-02-23T12:56:35.100Z] Session [de7f2980-da2c-11e5-8e20-f73a49e87bcf] - page.settings - {"XSSAuditingEnabled":false,"javascriptCanCloseWindows":true,"javascriptCanOpenWindows":true,"javascriptEnabled":true,"loadImages":true,"localToRemoteUrlAccessEnabled":false,"userAgent":"Mozilla/5.0 (Macintosh; Intel Mac OS X) AppleWebKit/538.1 (KHTML, like Gecko) PhantomJS/2.0.0 Safari/538.1","webSecurityEnabled":true}
[INFO  - 2016-02-23T12:56:35.100Z] Session [de7f2980-da2c-11e5-8e20-f73a49e87bcf] - page.customHeaders:  - {}
[INFO  - 2016-02-23T12:56:35.101Z] Session [de7f2980-da2c-11e5-8e20-f73a49e87bcf] - Session.negotiatedCapabilities - {"browserName":"phantomjs","version":"2.0.0","driverName":"ghostdriver","driverVersion":"1.2.0","platform":"mac-10.9 (Mavericks)-64bit","javascriptEnabled":true,"takesScreenshot":true,"handlesAlerts":false,"databaseEnabled":false,"locationContextEnabled":false,"applicationCacheEnabled":false,"browserConnectionEnabled":false,"cssSelectorsEnabled":true,"webStorageEnabled":false,"rotatable":false,"acceptSslCerts":false,"nativeEvents":true,"proxy":{"proxyType":"direct"}}
[INFO  - 2016-02-23T12:56:35.101Z] SessionManagerReqHand - _postNewSessionCommand - New Session Created: de7f2980-da2c-11e5-8e20-f73a49e87bcf
[INFO  - 2016-02-23T13:09:51.864Z] GhostDriver - Main - running on port 8643
[INFO  - 2016-02-23T13:09:53.158Z] Session [ba2cd800-da2e-11e5-bafd-2d7f485fb2d1] - page.settings - {"XSSAuditingEnabled":false,"javascriptCanCloseWindows":true,"javascriptCanOpenWindows":true,"javascriptEnabled":true,"loadImages":true,"localToRemoteUrlAccessEnabled":false,"userAgent":"Mozilla/5.0 (Macintosh; Intel Mac OS X) AppleWebKit/538.1 (KHTML, like Gecko) PhantomJS/2.0.0 Safari/538.1","webSecurityEnabled":true}
[INFO  - 2016-02-23T13:09:53.158Z] Session [ba2cd800-da2e-11e5-bafd-2d7f485fb2d1] - page.customHeaders:  - {}
[INFO  - 2016-02-23T13:09:53.158Z] Session [ba2cd800-da2e-11e5-bafd-2d7f485fb2d1] - Session.negotiatedCapabilities - {"browserName":"phantomjs","version":"2.0.0","driverName":"ghostdriver","driverVersion":"1.2.0","platform":"mac-10.9 (Mavericks)-64bit","javascriptEnabled":true,"takesScreenshot":true,"handlesAlerts":false,"databaseEnabled":false,"locationContextEnabled":false,"applicationCacheEnabled":false,"browserConnectionEnabled":false,"cssSelectorsEnabled":true,"webStorageEnabled":false,"rotatable":false,"acceptSslCerts":false,"nativeEvents":true,"proxy":{"proxyType":"direct"}}
[INFO  - 2016-02-23T13:09:53.158Z] SessionManagerReqHand - _postNewSessionCommand - New Session Created: ba2cd800-da2e-11e5-bafd-2d7f485fb2d1
